#
# There is insufficient memory for the Java Runtime Environment to continue.
# Native memory allocation (malloc) failed to allocate 1081696 bytes for Chunk::new
# Possible reasons:
#   The system is out of physical RAM or swap space
#   The process is running with CompressedOops enabled, and the Java Heap may be blocking the growth of the native heap
# Possible solutions:
#   Reduce memory load on the system
#   Increase physical memory or swap space
#   Check if swap backing store is full
#   Decrease Java heap size (-Xmx/-Xms)
#   Decrease number of Java threads
#   Decrease Java thread stack sizes (-Xss)
#   Set larger code cache with -XX:ReservedCodeCacheSize=
#   JVM is running with Unscaled Compressed Oops mode in which the Java heap is
#     placed in the first 4GB address space. The Java Heap base address is the
#     maximum limit for the native heap growth. Please use -XX:HeapBaseMinAddress
#     to set the Java Heap base and to place the Java Heap above 4GB virtual address.
# This output file may be truncated or incomplete.
#
#  Out of Memory Error (arena.cpp:189), pid=5732, tid=3132
#
# JRE version: Java(TM) SE Runtime Environment (17.0.10+11) (build 17.0.10+11-LTS-240)
# Java VM: Java HotSpot(TM) 64-Bit Server VM (17.0.10+11-LTS-240, mixed mode, sharing, tiered, compressed oops, compressed class ptrs, g1 gc, windows-amd64)
# No core dump will be written. Minidumps are not enabled by default on client versions of Windows
#

---------------  S U M M A R Y ------------

Command Line: -Dcom.sun.management.jmxremote -Dcom.sun.management.jmxremote.port=54568 -Dcom.sun.management.jmxremote.authenticate=false -Dcom.sun.management.jmxremote.ssl=false -Dspring.jmx.enabled=true -Djava.rmi.server.hostname=localhost -Dspring.application.admin.enabled=true -Dspring.boot.project.name=oxefood-api-caio -XX:+ShowCodeDetailsInExceptionMessages br.com.ifpe.oxefood.OxefoodApiMatheusApplication

Host: Intel(R) Atom(TM) x5-Z8300  CPU @ 1.44GHz, 4 cores, 1G,  Windows 10 , 64 bit Build 10586 (10.0.10586.0)
Time: Fri Jul 12 20:40:49 2024 Hora oficial do Brasil elapsed time: 48.747384 seconds (0d 0h 0m 48s)

---------------  T H R E A D  ---------------

Current thread (0x000001e56019f7b0):  JavaThread "C2 CompilerThread0" daemon [_thread_in_native, id=3132, stack(0x000000377e800000,0x000000377e900000)]


Current CompileTask:
C2:  48747 3634       4       org.springframework.core.ResolvableType::resolveClass (74 bytes)

Stack: [0x000000377e800000,0x000000377e900000]
Native frames: (J=compiled Java code, j=interpreted, Vv=VM code, C=native code)
V  [jvm.dll+0x677a5a]
V  [jvm.dll+0x7d8b2d]
V  [jvm.dll+0x7da48e]
V  [jvm.dll+0x7daaf3]
V  [jvm.dll+0x2455ff]
V  [jvm.dll+0xaaafb]
V  [jvm.dll+0xab09c]
V  [jvm.dll+0x2aafef]
V  [jvm.dll+0x57fd55]
V  [jvm.dll+0x220472]
V  [jvm.dll+0x219335]
V  [jvm.dll+0x216c79]
V  [jvm.dll+0x1a3410]
V  [jvm.dll+0x226aeb]
V  [jvm.dll+0x224cab]
V  [jvm.dll+0x78e45c]
V  [jvm.dll+0x78888a]
V  [jvm.dll+0x676935]
C  [ucrtbase.dll+0x6be1d]
C  [KERNEL32.DLL+0x18102]
C  [ntdll.dll+0x5c5b4]


---------------  P R O C E S S  ---------------

Threads class SMR info:
_java_thread_list=0x000001e566639840, length=18, elements={
0x000001e5462eb230, 0x000001e5463bc050, 0x000001e5463bced0, 0x000001e560197c20,
0x000001e560199500, 0x000001e560199dd0, 0x000001e56019a6a0, 0x000001e56019f7b0,
0x000001e5601a80d0, 0x000001e5601aadf0, 0x000001e56029f480, 0x000001e560505e80,
0x000001e565201a30, 0x000001e565204870, 0x000001e565349a00, 0x000001e565887c70,
0x000001e565888d60, 0x000001e565716030
}

Java Threads: ( => current thread )
  0x000001e5462eb230 JavaThread "main" [_thread_blocked, id=3536, stack(0x000000377db00000,0x000000377dc00000)]
  0x000001e5463bc050 JavaThread "Reference Handler" daemon [_thread_blocked, id=1260, stack(0x000000377e200000,0x000000377e300000)]
  0x000001e5463bced0 JavaThread "Finalizer" daemon [_thread_blocked, id=768, stack(0x000000377e300000,0x000000377e400000)]
  0x000001e560197c20 JavaThread "Signal Dispatcher" daemon [_thread_blocked, id=2772, stack(0x000000377e400000,0x000000377e500000)]
  0x000001e560199500 JavaThread "Attach Listener" daemon [_thread_blocked, id=6216, stack(0x000000377e500000,0x000000377e600000)]
  0x000001e560199dd0 JavaThread "Service Thread" daemon [_thread_blocked, id=2860, stack(0x000000377e600000,0x000000377e700000)]
  0x000001e56019a6a0 JavaThread "Monitor Deflation Thread" daemon [_thread_blocked, id=6200, stack(0x000000377e700000,0x000000377e800000)]
=>0x000001e56019f7b0 JavaThread "C2 CompilerThread0" daemon [_thread_in_native, id=3132, stack(0x000000377e800000,0x000000377e900000)]
  0x000001e5601a80d0 JavaThread "C1 CompilerThread0" daemon [_thread_blocked, id=3024, stack(0x000000377e900000,0x000000377ea00000)]
  0x000001e5601aadf0 JavaThread "Sweeper thread" daemon [_thread_blocked, id=6368, stack(0x000000377ea00000,0x000000377eb00000)]
  0x000001e56029f480 JavaThread "Common-Cleaner" daemon [_thread_blocked, id=1644, stack(0x000000377eb00000,0x000000377ec00000)]
  0x000001e560505e80 JavaThread "Notification Thread" daemon [_thread_blocked, id=4748, stack(0x000000377ec00000,0x000000377ed00000)]
  0x000001e565201a30 JavaThread "RMI TCP Accept-0" daemon [_thread_in_native, id=5568, stack(0x000000377ed00000,0x000000377ee00000)]
  0x000001e565204870 JavaThread "RMI TCP Accept-54568" daemon [_thread_in_native, id=3568, stack(0x000000377ee00000,0x000000377ef00000)]
  0x000001e565349a00 JavaThread "RMI TCP Accept-0" daemon [_thread_in_native, id=3428, stack(0x000000377ef00000,0x000000377f000000)]
  0x000001e565887c70 JavaThread "Thread-0" [_thread_blocked, id=4016, stack(0x000000377f600000,0x000000377f700000)]
  0x000001e565888d60 JavaThread "restartedMain" [_thread_in_vm, id=5068, stack(0x000000377f700000,0x000000377f800000)]
  0x000001e565716030 JavaThread "C2 CompilerThread1" daemon [_thread_in_native, id=1212, stack(0x0000003700400000,0x0000003700500000)]

Other Threads:
  0x000001e5463b87a0 VMThread "VM Thread" [stack: 0x000000377e100000,0x000000377e200000] [id=6168]
  0x000001e546337740 WatcherThread [stack: 0x000000377f000000,0x000000377f100000] [id=7020]
  0x000001e5463212c0 GCTaskThread "GC Thread#0" [stack: 0x000000377dc00000,0x000000377dd00000] [id=6212]
  0x000001e56524dc00 GCTaskThread "GC Thread#1" [stack: 0x000000377f100000,0x000000377f200000] [id=5900]
  0x000001e56536db90 GCTaskThread "GC Thread#2" [stack: 0x000000377f200000,0x000000377f300000] [id=2824]
  0x000001e56538cd60 GCTaskThread "GC Thread#3" [stack: 0x000000377f300000,0x000000377f400000] [id=2816]
  0x000001e546326910 ConcurrentGCThread "G1 Main Marker" [stack: 0x000000377dd00000,0x000000377de00000] [id=1852]
  0x000001e546327320 ConcurrentGCThread "G1 Conc#0" [stack: 0x000000377de00000,0x000000377df00000] [id=5216]
  0x000001e546352b70 ConcurrentGCThread "G1 Refine#0" [stack: 0x000000377df00000,0x000000377e000000] [id=3612]
  0x000001e56528ab40 ConcurrentGCThread "G1 Refine#1" [stack: 0x000000377f400000,0x000000377f500000] [id=2764]
  0x000001e5463535a0 ConcurrentGCThread "G1 Service" [stack: 0x000000377e000000,0x000000377e100000] [id=3512]

Threads with active compile tasks:
C2 CompilerThread0    48896 3634       4       org.springframework.core.ResolvableType::resolveClass (74 bytes)
C2 CompilerThread1    48896 3672   !   4       java.lang.invoke.MemberName::getMethodType (211 bytes)

VM state: not at safepoint (normal execution)

VM Mutex/Monitor currently owned by a thread: None

Heap address: 0x00000000e2600000, size: 474 MB, Compressed Oops mode: 32-bit

CDS archive(s) mapped at: [0x000001e500000000-0x000001e500bd0000-0x000001e500bd0000), size 12386304, SharedBaseAddress: 0x000001e500000000, ArchiveRelocationMode: 1.
Compressed class space mapped at: 0x000001e501000000-0x000001e541000000, reserved size: 1073741824
Narrow klass base: 0x000001e500000000, Narrow klass shift: 0, Narrow klass range: 0x100000000

GC Precious Log:
 CPUs: 4 total, 4 available
 Memory: 1892M
 Large Page Support: Disabled
 NUMA Support: Disabled
 Compressed Oops: Enabled (32-bit)
 Heap Region Size: 1M
 Heap Min Capacity: 8M
 Heap Initial Capacity: 30M
 Heap Max Capacity: 474M
 Pre-touch: Disabled
 Parallel Workers: 4
 Concurrent Workers: 1
 Concurrent Refinement Workers: 4
 Periodic GC: Disabled

Heap:
 garbage-first heap   total 32768K, used 22326K [0x00000000e2600000, 0x0000000100000000)
  region size 1024K, 8 young (8192K), 2 survivors (2048K)
 Metaspace       used 28273K, committed 28608K, reserved 1114112K
  class space    used 3646K, committed 3776K, reserved 1048576K

Heap Regions: E=young(eden), S=young(survivor), O=old, HS=humongous(starts), HC=humongous(continues), CS=collection set, F=free, OA=open archive, CA=closed archive, TAMS=top-at-mark-start (previous, next)
|   0|0x00000000e2600000, 0x00000000e2700000, 0x00000000e2700000|100%|HS|  |TAMS 0x00000000e2700000, 0x00000000e2600000| Complete 
|   1|0x00000000e2700000, 0x00000000e2800000, 0x00000000e2800000|100%| O|  |TAMS 0x00000000e2800000, 0x00000000e2700000| Untracked 
|   2|0x00000000e2800000, 0x00000000e2900000, 0x00000000e2900000|100%| O|  |TAMS 0x00000000e2900000, 0x00000000e2800000| Untracked 
|   3|0x00000000e2900000, 0x00000000e2a00000, 0x00000000e2a00000|100%| O|  |TAMS 0x00000000e2a00000, 0x00000000e2900000| Untracked 
|   4|0x00000000e2a00000, 0x00000000e2b00000, 0x00000000e2b00000|100%| O|  |TAMS 0x00000000e2b00000, 0x00000000e2a00000| Untracked 
|   5|0x00000000e2b00000, 0x00000000e2c00000, 0x00000000e2c00000|100%| O|  |TAMS 0x00000000e2c00000, 0x00000000e2b00000| Untracked 
|   6|0x00000000e2c00000, 0x00000000e2d00000, 0x00000000e2d00000|100%| O|  |TAMS 0x00000000e2d00000, 0x00000000e2c00000| Untracked 
|   7|0x00000000e2d00000, 0x00000000e2e00000, 0x00000000e2e00000|100%| O|  |TAMS 0x00000000e2e00000, 0x00000000e2d00000| Untracked 
|   8|0x00000000e2e00000, 0x00000000e2f00000, 0x00000000e2f00000|100%| O|  |TAMS 0x00000000e2f00000, 0x00000000e2e00000| Untracked 
|   9|0x00000000e2f00000, 0x00000000e3000000, 0x00000000e3000000|100%| O|  |TAMS 0x00000000e3000000, 0x00000000e2f00000| Untracked 
|  10|0x00000000e3000000, 0x00000000e3100000, 0x00000000e3100000|100%| O|  |TAMS 0x00000000e3100000, 0x00000000e3000000| Untracked 
|  11|0x00000000e3100000, 0x00000000e3200000, 0x00000000e3200000|100%| O|  |TAMS 0x00000000e3200000, 0x00000000e3100000| Untracked 
|  12|0x00000000e3200000, 0x00000000e3300000, 0x00000000e3300000|100%| O|  |TAMS 0x00000000e3300000, 0x00000000e3200000| Untracked 
|  13|0x00000000e3300000, 0x00000000e3400000, 0x00000000e3400000|100%| O|  |TAMS 0x00000000e3400000, 0x00000000e3300000| Untracked 
|  14|0x00000000e3400000, 0x00000000e3500000, 0x00000000e3500000|100%| O|  |TAMS 0x00000000e3500000, 0x00000000e3400000| Untracked 
|  15|0x00000000e3500000, 0x00000000e35b1c00, 0x00000000e3600000| 69%| O|  |TAMS 0x00000000e3520200, 0x00000000e3500000| Untracked 
|  16|0x00000000e3600000, 0x00000000e3600000, 0x00000000e3700000|  0%| F|  |TAMS 0x00000000e3600000, 0x00000000e3600000| Untracked 
|  17|0x00000000e3700000, 0x00000000e3700000, 0x00000000e3800000|  0%| F|  |TAMS 0x00000000e3700000, 0x00000000e3700000| Untracked 
|  18|0x00000000e3800000, 0x00000000e3800000, 0x00000000e3900000|  0%| F|  |TAMS 0x00000000e3800000, 0x00000000e3800000| Untracked 
|  19|0x00000000e3900000, 0x00000000e391bc60, 0x00000000e3a00000| 10%| S|CS|TAMS 0x00000000e3900000, 0x00000000e3900000| Complete 
|  20|0x00000000e3a00000, 0x00000000e3b00000, 0x00000000e3b00000|100%| S|CS|TAMS 0x00000000e3a00000, 0x00000000e3a00000| Complete 
|  21|0x00000000e3b00000, 0x00000000e3b00000, 0x00000000e3c00000|  0%| F|  |TAMS 0x00000000e3b00000, 0x00000000e3b00000| Untracked 
|  22|0x00000000e3c00000, 0x00000000e3c00000, 0x00000000e3d00000|  0%| F|  |TAMS 0x00000000e3c00000, 0x00000000e3c00000| Untracked 
|  23|0x00000000e3d00000, 0x00000000e3d00000, 0x00000000e3e00000|  0%| F|  |TAMS 0x00000000e3d00000, 0x00000000e3d00000| Untracked 
|  24|0x00000000e3e00000, 0x00000000e3e00000, 0x00000000e3f00000|  0%| F|  |TAMS 0x00000000e3e00000, 0x00000000e3e00000| Untracked 
|  25|0x00000000e3f00000, 0x00000000e3f00000, 0x00000000e4000000|  0%| F|  |TAMS 0x00000000e3f00000, 0x00000000e3f00000| Untracked 
|  26|0x00000000e4000000, 0x00000000e40a6c58, 0x00000000e4100000| 65%| E|  |TAMS 0x00000000e4000000, 0x00000000e4000000| Complete 
|  27|0x00000000e4100000, 0x00000000e4200000, 0x00000000e4200000|100%| E|CS|TAMS 0x00000000e4100000, 0x00000000e4100000| Complete 
|  28|0x00000000e4200000, 0x00000000e4300000, 0x00000000e4300000|100%| E|CS|TAMS 0x00000000e4200000, 0x00000000e4200000| Complete 
|  29|0x00000000e4300000, 0x00000000e4400000, 0x00000000e4400000|100%| E|CS|TAMS 0x00000000e4300000, 0x00000000e4300000| Complete 
|  30|0x00000000e4400000, 0x00000000e4500000, 0x00000000e4500000|100%| E|CS|TAMS 0x00000000e4400000, 0x00000000e4400000| Complete 
|  31|0x00000000e4500000, 0x00000000e4600000, 0x00000000e4600000|100%| E|CS|TAMS 0x00000000e4500000, 0x00000000e4500000| Complete 

Card table byte_map: [0x000001e55cbb0000,0x000001e55cca0000] _byte_map_base: 0x000001e55c49d000

Marking Bits (Prev, Next): (CMBitMap*) 0x000001e5463218e0, (CMBitMap*) 0x000001e546321920
 Prev Bits: [0x000001e55cd90000, 0x000001e55d4f8000)
 Next Bits: [0x000001e55d500000, 0x000001e55dc68000)

Polling page: 0x000001e544380000

Metaspace:

Usage:
  Non-class:     24.06 MB used.
      Class:      3.56 MB used.
       Both:     27.62 MB used.

Virtual space:
  Non-class space:       64.00 MB reserved,      24.25 MB ( 38%) committed,  1 nodes.
      Class space:        1.00 GB reserved,       3.75 MB ( <1%) committed,  1 nodes.
             Both:        1.06 GB reserved,      28.00 MB (  3%) committed. 

Chunk freelists:
   Non-Class:  7.46 MB
       Class:  12.18 MB
        Both:  19.65 MB

MaxMetaspaceSize: unlimited
CompressedClassSpaceSize: 1.00 GB
Initial GC threshold: 21.00 MB
Current GC threshold: 45.25 MB
CDS: on
MetaspaceReclaimPolicy: balanced
 - commit_granule_bytes: 65536.
 - commit_granule_words: 8192.
 - virtual_space_node_default_size: 8388608.
 - enlarge_chunks_in_place: 1.
 - new_chunks_are_fully_committed: 0.
 - uncommit_free_chunks: 1.
 - use_allocation_guard: 0.
 - handle_deallocations: 1.


Internal statistics:

num_allocs_failed_limit: 5.
num_arena_births: 416.
num_arena_deaths: 0.
num_vsnodes_births: 2.
num_vsnodes_deaths: 0.
num_space_committed: 448.
num_space_uncommitted: 0.
num_chunks_returned_to_freelist: 5.
num_chunks_taken_from_freelist: 1313.
num_chunk_merges: 5.
num_chunk_splits: 932.
num_chunks_enlarged: 701.
num_inconsistent_stats: 0.

CodeHeap 'non-profiled nmethods': size=120000Kb used=1755Kb max_used=1755Kb free=118244Kb
 bounds [0x000001e555680000, 0x000001e5558f0000, 0x000001e55cbb0000]
CodeHeap 'profiled nmethods': size=120000Kb used=8012Kb max_used=8012Kb free=111987Kb
 bounds [0x000001e54dbb0000, 0x000001e54e390000, 0x000001e5550e0000]
CodeHeap 'non-nmethods': size=5760Kb used=1217Kb max_used=1263Kb free=4543Kb
 bounds [0x000001e5550e0000, 0x000001e555350000, 0x000001e555680000]
 total_blobs=4218 nmethods=3696 adapters=435
 compilation: enabled
              stopped_count=0, restarted_count=0
 full_count=0

Compilation events (20 events):
Event: 48.631 Thread 0x000001e5601a80d0 3649       3       jdk.internal.org.objectweb.asm.AnnotationVisitor::<init> (88 bytes)
Event: 48.634 Thread 0x000001e5601a80d0 nmethod 3649 0x000001e54e377610 code [0x000001e54e377860, 0x000001e54e378148]
Event: 48.634 Thread 0x000001e5601a80d0 3650       3       jdk.internal.org.objectweb.asm.AnnotationWriter::visitEnd (44 bytes)
Event: 48.634 Thread 0x000001e5601a80d0 nmethod 3650 0x000001e54e378410 code [0x000001e54e3785a0, 0x000001e54e378738]
Event: 48.634 Thread 0x000001e5601a80d0 3651       1       java.lang.Class::getClassData (5 bytes)
Event: 48.635 Thread 0x000001e5601a80d0 nmethod 3651 0x000001e555830590 code [0x000001e555830720, 0x000001e5558307f8]
Event: 48.635 Thread 0x000001e5601a80d0 3652       3       java.lang.invoke.MethodHandleNatives::refKindIsGetter (32 bytes)
Event: 48.636 Thread 0x000001e5601a80d0 nmethod 3652 0x000001e54e378890 code [0x000001e54e378a20, 0x000001e54e378b78]
Event: 48.659 Thread 0x000001e5601a80d0 3654       3       java.lang.invoke.LambdaForm::methodType (48 bytes)
Event: 48.660 Thread 0x000001e5601a80d0 nmethod 3654 0x000001e54e378c10 code [0x000001e54e378e00, 0x000001e54e3793f8]
Event: 48.675 Thread 0x000001e5601a80d0 3660       3       java.lang.invoke.DirectMethodHandle$Holder::invokeStatic (20 bytes)
Event: 48.676 Thread 0x000001e5601a80d0 nmethod 3660 0x000001e54e379690 code [0x000001e54e379860, 0x000001e54e379dd8]
Event: 48.676 Thread 0x000001e5601a80d0 3661       3       java.util.Arrays::fill (28 bytes)
Event: 48.676 Thread 0x000001e5601a80d0 nmethod 3661 0x000001e54e379f10 code [0x000001e54e37a0c0, 0x000001e54e37a468]
Event: 48.679 Thread 0x000001e5601a80d0 3662       3       java.lang.invoke.BoundMethodHandle$Species_LL::make (12 bytes)
Event: 48.680 Thread 0x000001e5601a80d0 nmethod 3662 0x000001e54e37a610 code [0x000001e54e37a7c0, 0x000001e54e37aa88]
Event: 48.680 Thread 0x000001e5601a80d0 3663       3       java.lang.invoke.BoundMethodHandle$Species_LL::<init> (18 bytes)
Event: 48.681 Thread 0x000001e5601a80d0 nmethod 3663 0x000001e54e37ab90 code [0x000001e54e37ad40, 0x000001e54e37afc8]
Event: 48.688 Thread 0x000001e565716030 3664       4       jdk.internal.org.objectweb.asm.MethodWriter::visitVarInsn (302 bytes)
Event: 48.711 Thread 0x000001e565716030 nmethod 3664 0x000001e555831a90 code [0x000001e555831c60, 0x000001e5558322b0]

GC Heap History (20 events):
Event: 37.061 GC heap before
{Heap before GC invocations=7 (full 0):
 garbage-first heap   total 30720K, used 20432K [0x00000000e2600000, 0x0000000100000000)
  region size 1024K, 12 young (12288K), 2 survivors (2048K)
 Metaspace       used 18929K, committed 19136K, reserved 1114112K
  class space    used 2392K, committed 2496K, reserved 1048576K
}
Event: 37.072 GC heap after
{Heap after GC invocations=8 (full 0):
 garbage-first heap   total 30720K, used 12662K [0x00000000e2600000, 0x0000000100000000)
  region size 1024K, 2 young (2048K), 2 survivors (2048K)
 Metaspace       used 18929K, committed 19136K, reserved 1114112K
  class space    used 2392K, committed 2496K, reserved 1048576K
}
Event: 37.530 GC heap before
{Heap before GC invocations=8 (full 0):
 garbage-first heap   total 30720K, used 21878K [0x00000000e2600000, 0x0000000100000000)
  region size 1024K, 11 young (11264K), 2 survivors (2048K)
 Metaspace       used 21163K, committed 21440K, reserved 1114112K
  class space    used 2636K, committed 2752K, reserved 1048576K
}
Event: 37.539 GC heap after
{Heap after GC invocations=9 (full 0):
 garbage-first heap   total 30720K, used 13033K [0x00000000e2600000, 0x0000000100000000)
  region size 1024K, 1 young (1024K), 1 survivors (1024K)
 Metaspace       used 21163K, committed 21440K, reserved 1114112K
  class space    used 2636K, committed 2752K, reserved 1048576K
}
Event: 37.562 GC heap before
{Heap before GC invocations=9 (full 0):
 garbage-first heap   total 30720K, used 13033K [0x00000000e2600000, 0x0000000100000000)
  region size 1024K, 2 young (2048K), 1 survivors (1024K)
 Metaspace       used 21269K, committed 21504K, reserved 1114112K
  class space    used 2651K, committed 2752K, reserved 1048576K
}
Event: 37.566 GC heap after
{Heap after GC invocations=10 (full 0):
 garbage-first heap   total 30720K, used 12946K [0x00000000e2600000, 0x0000000100000000)
  region size 1024K, 1 young (1024K), 1 survivors (1024K)
 Metaspace       used 21269K, committed 21504K, reserved 1114112K
  class space    used 2651K, committed 2752K, reserved 1048576K
}
Event: 40.618 GC heap before
{Heap before GC invocations=11 (full 0):
 garbage-first heap   total 30720K, used 21138K [0x00000000e2600000, 0x0000000100000000)
  region size 1024K, 10 young (10240K), 1 survivors (1024K)
 Metaspace       used 22877K, committed 23104K, reserved 1114112K
  class space    used 2892K, committed 3008K, reserved 1048576K
}
Event: 40.626 GC heap after
{Heap after GC invocations=12 (full 0):
 garbage-first heap   total 30720K, used 14057K [0x00000000e2600000, 0x0000000100000000)
  region size 1024K, 2 young (2048K), 2 survivors (2048K)
 Metaspace       used 22877K, committed 23104K, reserved 1114112K
  class space    used 2892K, committed 3008K, reserved 1048576K
}
Event: 40.715 GC heap before
{Heap before GC invocations=12 (full 0):
 garbage-first heap   total 30720K, used 15081K [0x00000000e2600000, 0x0000000100000000)
  region size 1024K, 3 young (3072K), 2 survivors (2048K)
 Metaspace       used 22947K, committed 23296K, reserved 1114112K
  class space    used 2901K, committed 3072K, reserved 1048576K
}
Event: 40.727 GC heap after
{Heap after GC invocations=13 (full 0):
 garbage-first heap   total 30720K, used 14281K [0x00000000e2600000, 0x0000000100000000)
  region size 1024K, 1 young (1024K), 1 survivors (1024K)
 Metaspace       used 22947K, committed 23296K, reserved 1114112K
  class space    used 2901K, committed 3072K, reserved 1048576K
}
Event: 41.509 GC heap before
{Heap before GC invocations=13 (full 0):
 garbage-first heap   total 30720K, used 21449K [0x00000000e2600000, 0x0000000100000000)
  region size 1024K, 9 young (9216K), 1 survivors (1024K)
 Metaspace       used 23657K, committed 23936K, reserved 1114112K
  class space    used 2983K, committed 3136K, reserved 1048576K
}
Event: 41.514 GC heap after
{Heap after GC invocations=14 (full 0):
 garbage-first heap   total 30720K, used 14896K [0x00000000e2600000, 0x0000000100000000)
  region size 1024K, 2 young (2048K), 2 survivors (2048K)
 Metaspace       used 23657K, committed 23936K, reserved 1114112K
  class space    used 2983K, committed 3136K, reserved 1048576K
}
Event: 42.271 GC heap before
{Heap before GC invocations=15 (full 0):
 garbage-first heap   total 30720K, used 22064K [0x00000000e2600000, 0x0000000100000000)
  region size 1024K, 10 young (10240K), 2 survivors (2048K)
 Metaspace       used 24102K, committed 24384K, reserved 1114112K
  class space    used 3043K, committed 3200K, reserved 1048576K
}
Event: 42.281 GC heap after
{Heap after GC invocations=16 (full 0):
 garbage-first heap   total 30720K, used 15473K [0x00000000e2600000, 0x0000000100000000)
  region size 1024K, 2 young (2048K), 2 survivors (2048K)
 Metaspace       used 24102K, committed 24384K, reserved 1114112K
  class space    used 3043K, committed 3200K, reserved 1048576K
}
Event: 43.240 GC heap before
{Heap before GC invocations=16 (full 0):
 garbage-first heap   total 30720K, used 22641K [0x00000000e2600000, 0x0000000100000000)
  region size 1024K, 10 young (10240K), 2 survivors (2048K)
 Metaspace       used 25399K, committed 25728K, reserved 1114112K
  class space    used 3224K, committed 3392K, reserved 1048576K
}
Event: 43.248 GC heap after
{Heap after GC invocations=17 (full 0):
 garbage-first heap   total 30720K, used 16182K [0x00000000e2600000, 0x0000000100000000)
  region size 1024K, 2 young (2048K), 2 survivors (2048K)
 Metaspace       used 25399K, committed 25728K, reserved 1114112K
  class space    used 3224K, committed 3392K, reserved 1048576K
}
Event: 44.182 GC heap before
{Heap before GC invocations=18 (full 0):
 garbage-first heap   total 30720K, used 23350K [0x00000000e2600000, 0x0000000100000000)
  region size 1024K, 9 young (9216K), 2 survivors (2048K)
 Metaspace       used 26475K, committed 26816K, reserved 1114112K
  class space    used 3375K, committed 3520K, reserved 1048576K
}
Event: 44.190 GC heap after
{Heap after GC invocations=19 (full 0):
 garbage-first heap   total 30720K, used 16694K [0x00000000e2600000, 0x0000000100000000)
  region size 1024K, 2 young (2048K), 2 survivors (2048K)
 Metaspace       used 26475K, committed 26816K, reserved 1114112K
  class space    used 3375K, committed 3520K, reserved 1048576K
}
Event: 47.553 GC heap before
{Heap before GC invocations=19 (full 0):
 garbage-first heap   total 30720K, used 23862K [0x00000000e2600000, 0x0000000100000000)
  region size 1024K, 9 young (9216K), 2 survivors (2048K)
 Metaspace       used 27379K, committed 27712K, reserved 1114112K
  class space    used 3503K, committed 3648K, reserved 1048576K
}
Event: 47.559 GC heap after
{Heap after GC invocations=20 (full 0):
 garbage-first heap   total 30720K, used 17206K [0x00000000e2600000, 0x0000000100000000)
  region size 1024K, 2 young (2048K), 2 survivors (2048K)
 Metaspace       used 27379K, committed 27712K, reserved 1114112K
  class space    used 3503K, committed 3648K, reserved 1048576K
}

Deoptimization events (20 events):
Event: 44.163 Thread 0x000001e565888d60 Uncommon trap: trap_request=0xffffff45 fr.pc=0x000001e5557eb17c relative=0x000000000000051c
Event: 44.163 Thread 0x000001e565888d60 Uncommon trap: reason=unstable_if action=reinterpret pc=0x000001e5557eb17c method=org.springframework.beans.factory.support.RootBeanDefinition.getTargetType()Ljava/lang/Class; @ 18 c2
Event: 44.163 Thread 0x000001e565888d60 DEOPT PACKING pc=0x000001e5557eb17c sp=0x000000377f7fdcf0
Event: 44.163 Thread 0x000001e565888d60 DEOPT UNPACKING pc=0x000001e55513239d sp=0x000000377f7fdbd0 mode 2
Event: 44.163 Thread 0x000001e565888d60 Uncommon trap: trap_request=0xffffff45 fr.pc=0x000001e5557f85d0 relative=0x0000000000002d30
Event: 44.163 Thread 0x000001e565888d60 Uncommon trap: reason=unstable_if action=reinterpret pc=0x000001e5557f85d0 method=org.springframework.beans.factory.support.RootBeanDefinition.getTargetType()Ljava/lang/Class; @ 18 c2
Event: 44.163 Thread 0x000001e565888d60 DEOPT PACKING pc=0x000001e5557f85d0 sp=0x000000377f7fdd30
Event: 44.163 Thread 0x000001e565888d60 DEOPT UNPACKING pc=0x000001e55513239d sp=0x000000377f7fdb80 mode 2
Event: 44.564 Thread 0x000001e565888d60 Uncommon trap: trap_request=0xffffff45 fr.pc=0x000001e555779b04 relative=0x0000000000004d04
Event: 44.564 Thread 0x000001e565888d60 Uncommon trap: reason=unstable_if action=reinterpret pc=0x000001e555779b04 method=java.lang.invoke.MethodType.makeImpl(Ljava/lang/Class;[Ljava/lang/Class;Z)Ljava/lang/invoke/MethodType; @ 47 c2
Event: 44.564 Thread 0x000001e565888d60 DEOPT PACKING pc=0x000001e555779b04 sp=0x000000377f7fcf60
Event: 44.564 Thread 0x000001e565888d60 DEOPT UNPACKING pc=0x000001e55513239d sp=0x000000377f7fcf78 mode 2
Event: 47.813 Thread 0x000001e565888d60 Uncommon trap: trap_request=0xffffff45 fr.pc=0x000001e555804e48 relative=0x0000000000000088
Event: 47.813 Thread 0x000001e565888d60 Uncommon trap: reason=unstable_if action=reinterpret pc=0x000001e555804e48 method=org.springframework.core.ResolvableType$1.isAssignableFrom(Ljava/lang/Class;)Z @ 15 c2
Event: 47.813 Thread 0x000001e565888d60 DEOPT PACKING pc=0x000001e555804e48 sp=0x000000377f7fde10
Event: 47.813 Thread 0x000001e565888d60 DEOPT UNPACKING pc=0x000001e55513239d sp=0x000000377f7fddb0 mode 2
Event: 48.249 Thread 0x000001e565888d60 Uncommon trap: trap_request=0xffffff45 fr.pc=0x000001e55580c284 relative=0x0000000000000ca4
Event: 48.249 Thread 0x000001e565888d60 Uncommon trap: reason=unstable_if action=reinterpret pc=0x000001e55580c284 method=org.springframework.core.ResolvableType$1.isAssignableFrom(Ljava/lang/Class;)Z @ 15 c2
Event: 48.249 Thread 0x000001e565888d60 DEOPT PACKING pc=0x000001e55580c284 sp=0x000000377f7fe4c0
Event: 48.249 Thread 0x000001e565888d60 DEOPT UNPACKING pc=0x000001e55513239d sp=0x000000377f7fe3a8 mode 2

Classes unloaded (0 events):
No events

Classes redefined (0 events):
No events

Internal exceptions (20 events):
Event: 24.131 Thread 0x000001e565888d60 Exception <a 'java/lang/NoSuchMethodError'{0x00000000e41e5170}: 'void java.lang.invoke.DirectMethodHandle$Holder.invokeVirtual(java.lang.Object, java.lang.Object, java.lang.Object, java.lang.Object)'> (0x00000000e41e5170) 
thrown [s\open\src\hotspot\share\interpreter\linkResolver.cpp, line 759]
Event: 24.383 Thread 0x000001e565888d60 Exception <a 'java/lang/NoSuchMethodError'{0x00000000e3f4f628}: 'void java.lang.invoke.DirectMethodHandle$Holder.invokeSpecial(java.lang.Object, java.lang.Object, java.lang.Object)'> (0x00000000e3f4f628) 
thrown [s\open\src\hotspot\share\interpreter\linkResolver.cpp, line 759]
Event: 24.423 Thread 0x000001e565888d60 Exception <a 'java/lang/IncompatibleClassChangeError'{0x00000000e3f83bb0}: Found class java.lang.Object, but interface was expected> (0x00000000e3f83bb0) 
thrown [s\open\src\hotspot\share\interpreter\linkResolver.cpp, line 826]
Event: 33.173 Thread 0x000001e565888d60 Exception <a 'java/lang/NoSuchMethodError'{0x00000000e3e6ca40}: 'java.lang.Object java.lang.invoke.DirectMethodHandle$Holder.invokeVirtual(java.lang.Object, java.lang.Object, java.lang.Object)'> (0x00000000e3e6ca40) 
thrown [s\open\src\hotspot\share\interpreter\linkResolver.cpp, line 759]
Event: 33.198 Thread 0x000001e565888d60 Exception <a 'sun/nio/fs/WindowsException'{0x00000000e3eb83f8}> (0x00000000e3eb83f8) 
thrown [s\open\src\hotspot\share\prims\jni.cpp, line 516]
Event: 33.200 Thread 0x000001e565888d60 Exception <a 'java/lang/NoSuchMethodError'{0x00000000e3eb9a38}: 'int java.lang.invoke.DirectMethodHandle$Holder.invokeSpecial(java.lang.Object, java.lang.Object, java.lang.Object, java.lang.Object, java.lang.Object)'> (0x00000000e3eb9a38) 
thrown [s\open\src\hotspot\share\interpreter\linkResolver.cpp, line 759]
Event: 33.211 Thread 0x000001e565888d60 Exception <a 'java/lang/NoSuchMethodError'{0x00000000e3ec25c0}: 'void java.lang.invoke.DirectMethodHandle$Holder.invokeVirtual(java.lang.Object, java.lang.Object)'> (0x00000000e3ec25c0) 
thrown [s\open\src\hotspot\share\interpreter\linkResolver.cpp, line 759]
Event: 37.641 Thread 0x000001e565888d60 Exception <a 'java/lang/IncompatibleClassChangeError'{0x00000000e43b2238}: Found class java.lang.Object, but interface was expected> (0x00000000e43b2238) 
thrown [s\open\src\hotspot\share\interpreter\linkResolver.cpp, line 826]
Event: 38.024 Thread 0x000001e560574d10 Exception <a 'java/lang/NoSuchMethodError'{0x00000000e3d06198}: 'long java.lang.invoke.DirectMethodHandle$Holder.invokeSpecial(java.lang.Object, java.lang.Object)'> (0x00000000e3d06198) 
thrown [s\open\src\hotspot\share\interpreter\linkResolver.cpp, line 759]
Event: 38.032 Thread 0x000001e560574d10 Exception <a 'java/lang/NoSuchMethodError'{0x00000000e3d11068}: 'long java.lang.invoke.DirectMethodHandle$Holder.invokeStatic(java.lang.Object, java.lang.Object)'> (0x00000000e3d11068) 
thrown [s\open\src\hotspot\share\interpreter\linkResolver.cpp, line 759]
Event: 38.033 Thread 0x000001e560574d10 Exception <a 'java/lang/NoSuchMethodError'{0x00000000e3d14668}: 'long java.lang.invoke.DirectMethodHandle$Holder.invokeStaticInit(java.lang.Object, java.lang.Object)'> (0x00000000e3d14668) 
thrown [s\open\src\hotspot\share\interpreter\linkResolver.cpp, line 759]
Event: 38.041 Thread 0x000001e560574d10 Exception <a 'java/lang/NoSuchMethodError'{0x00000000e3d22460}: 'long java.lang.invoke.DirectMethodHandle$Holder.invokeInterface(java.lang.Object, java.lang.Object)'> (0x00000000e3d22460) 
thrown [s\open\src\hotspot\share\interpreter\linkResolver.cpp, line 759]
Event: 38.042 Thread 0x000001e560574d10 Exception <a 'java/lang/IncompatibleClassChangeError'{0x00000000e3d259f0}: Found class java.lang.Object, but interface was expected> (0x00000000e3d259f0) 
thrown [s\open\src\hotspot\share\interpreter\linkResolver.cpp, line 826]
Event: 40.312 Thread 0x000001e560574d10 Exception <a 'java/lang/NoSuchMethodError'{0x00000000e3dacbf8}: 'java.lang.Object java.lang.invoke.DirectMethodHandle$Holder.invokeVirtual(java.lang.Object, java.lang.Object, java.lang.Object, java.lang.Object)'> (0x00000000e3dacbf8) 
thrown [s\open\src\hotspot\share\interpreter\linkResolver.cpp, line 759]
Event: 43.747 Thread 0x000001e565888d60 Exception <a 'sun/nio/fs/WindowsException'{0x00000000e40cd4f8}> (0x00000000e40cd4f8) 
thrown [s\open\src\hotspot\share\prims\jni.cpp, line 516]
Event: 43.976 Thread 0x000001e565888d60 Exception <a 'sun/nio/fs/WindowsException'{0x00000000e3ea6788}> (0x00000000e3ea6788) 
thrown [s\open\src\hotspot\share\prims\jni.cpp, line 516]
Event: 48.617 Thread 0x000001e565888d60 Exception <a 'java/lang/NoSuchMethodError'{0x00000000e42ebf88}: 'java.lang.Object java.lang.invoke.DirectMethodHandle$Holder.invokeStaticInit(java.lang.Object, java.lang.Object, java.lang.Object, java.lang.Object, java.lang.Object, java.lang.Object, java.lang.Object)'> (0x00000000e42ebf88) 
thrown [s\open\src\hotspot\share\interpreter\linkResolver.cpp, line 759]
Event: 48.650 Thread 0x000001e565888d60 Exception <a 'java/lang/NoSuchMethodError'{0x00000000e42f6f30}: 'java.lang.Object java.lang.invoke.DirectMethodHandle$Holder.invokeStatic(java.lang.Object, java.lang.Object, int)'> (0x00000000e42f6f30) 
thrown [s\open\src\hotspot\share\interpreter\linkResolver.cpp, line 759]
Event: 48.666 Thread 0x000001e565888d60 Exception <a 'java/lang/NoSuchMethodError'{0x00000000e41098c0}: 'void java.lang.invoke.DelegatingMethodHandle$Holder.delegate(java.lang.Object, java.lang.Object, int, java.lang.Object)'> (0x00000000e41098c0) 
thrown [s\open\src\hotspot\share\interpreter\linkResolver.cpp, line 759]
Event: 48.672 Thread 0x000001e565888d60 Exception <a 'java/lang/NoSuchMethodError'{0x00000000e4111de8}: 'java.lang.Object java.lang.invoke.DirectMethodHandle$Holder.invokeSpecial(java.lang.Object, java.lang.Object, java.lang.Object, java.lang.Object, java.lang.Object, java.lang.Object, java.lang.Object, java.lang.Object, java.lang.Object)'> (0x00000000e4111de8) 
thrown [s\open\src\hotspot\share\interpreter\linkResolver.cpp, line 759]

VM Operations (20 events):
Event: 43.730 Executing VM operation: HandshakeAllThreads
Event: 43.730 Executing VM operation: HandshakeAllThreads done
Event: 44.068 Executing VM operation: HandshakeAllThreads
Event: 44.068 Executing VM operation: HandshakeAllThreads done
Event: 44.181 Executing VM operation: G1CollectForAllocation
Event: 44.190 Executing VM operation: G1CollectForAllocation done
Event: 44.564 Executing VM operation: HandshakeAllThreads
Event: 44.564 Executing VM operation: HandshakeAllThreads done
Event: 44.568 Executing VM operation: HandshakeAllThreads
Event: 44.568 Executing VM operation: HandshakeAllThreads done
Event: 45.570 Executing VM operation: Cleanup
Event: 45.571 Executing VM operation: Cleanup done
Event: 46.582 Executing VM operation: Cleanup
Event: 46.582 Executing VM operation: Cleanup done
Event: 47.552 Executing VM operation: G1CollectForAllocation
Event: 47.559 Executing VM operation: G1CollectForAllocation done
Event: 47.642 Executing VM operation: G1Concurrent
Event: 47.649 Executing VM operation: G1Concurrent done
Event: 47.685 Executing VM operation: G1Concurrent
Event: 47.698 Executing VM operation: G1Concurrent done

Events (20 events):
Event: 44.165 Thread 0x000001e565665440 Thread exited: 0x000001e565665440
Event: 44.595 Thread 0x000001e565716030 Thread added: 0x000001e565716030
Event: 47.477 Thread 0x000001e565716030 Thread exited: 0x000001e565716030
Event: 47.653 Thread 0x000001e565716030 Thread added: 0x000001e565716030
Event: 48.077 loading class java/io/FileFilter
Event: 48.077 loading class java/io/FileFilter done
Event: 48.179 loading class java/net/SocketException
Event: 48.179 loading class java/net/SocketException done
Event: 48.532 loading class java/lang/reflect/InaccessibleObjectException
Event: 48.532 loading class java/lang/reflect/InaccessibleObjectException done
Event: 48.589 loading class java/lang/runtime/ObjectMethods
Event: 48.591 loading class java/lang/runtime/ObjectMethods done
Event: 48.644 loading class java/lang/invoke/MethodHandleImpl$Makers
Event: 48.646 loading class java/lang/invoke/MethodHandleImpl$Makers done
Event: 48.646 loading class java/lang/invoke/MethodHandleImpl$Makers$1
Event: 48.648 loading class java/lang/invoke/MethodHandleImpl$Makers$1 done
Event: 48.649 loading class java/lang/invoke/MethodHandleImpl$Makers$2
Event: 48.649 loading class java/lang/invoke/MethodHandleImpl$Makers$2 done
Event: 48.649 loading class java/lang/invoke/MethodHandleImpl$Makers$3
Event: 48.649 loading class java/lang/invoke/MethodHandleImpl$Makers$3 done


Dynamic libraries:
0x00007ff6d49a0000 - 0x00007ff6d49b0000 	C:\Program Files\Java\jdk-17\bin\java.exe
0x00007ff92ea60000 - 0x00007ff92ec21000 	C:\Windows\SYSTEM32\ntdll.dll
0x00007ff92c590000 - 0x00007ff92c63d000 	C:\Windows\system32\KERNEL32.DLL
0x00007ff92b110000 - 0x00007ff92b2f8000 	C:\Windows\system32\KERNELBASE.dll
0x00007ff91f240000 - 0x00007ff91f259000 	C:\Program Files\Java\jdk-17\bin\jli.dll
0x00007ff92a220000 - 0x00007ff92a314000 	C:\Windows\SYSTEM32\ucrtbase.dll
0x00007ff92cf20000 - 0x00007ff92cfc7000 	C:\Windows\system32\ADVAPI32.dll
0x00007ff91ca80000 - 0x00007ff91ca9b000 	C:\Program Files\Java\jdk-17\bin\VCRUNTIME140.dll
0x00007ff92e9c0000 - 0x00007ff92ea5d000 	C:\Windows\system32\msvcrt.dll
0x00007ff92e900000 - 0x00007ff92e95b000 	C:\Windows\system32\sechost.dll
0x00007ff92d280000 - 0x00007ff92d39c000 	C:\Windows\system32\RPCRT4.dll
0x00007ff92d120000 - 0x00007ff92d276000 	C:\Windows\system32\USER32.dll
0x00007ff92bf30000 - 0x00007ff92c0b6000 	C:\Windows\system32\GDI32.dll
0x00007ff91c4b0000 - 0x00007ff91c724000 	C:\Windows\WinSxS\amd64_microsoft.windows.common-controls_6595b64144ccf1df_6.0.10586.0_none_8c15ae12515e1c22\COMCTL32.dll
0x00007ff92cca0000 - 0x00007ff92cf1d000 	C:\Windows\system32\combase.dll
0x00007ff92b3b0000 - 0x00007ff92b41a000 	C:\Windows\system32\bcryptPrimitives.dll
0x00007ff91ed90000 - 0x00007ff91ed9a000 	C:\Windows\SYSTEM32\VERSION.dll
0x00007ff92c3a0000 - 0x00007ff92c3db000 	C:\Windows\system32\IMM32.DLL
0x00007ff91f230000 - 0x00007ff91f23c000 	C:\Program Files\Java\jdk-17\bin\vcruntime140_1.dll
0x00007ff8f0470000 - 0x00007ff8f04fe000 	C:\Program Files\Java\jdk-17\bin\msvcp140.dll
0x00007ff8ec210000 - 0x00007ff8ecdef000 	C:\Program Files\Java\jdk-17\bin\server\jvm.dll
0x00007ff92c0d0000 - 0x00007ff92c0d8000 	C:\Windows\system32\PSAPI.DLL
0x00007ff91e7f0000 - 0x00007ff91e7f9000 	C:\Windows\SYSTEM32\WSOCK32.dll
0x00007ff92c2c0000 - 0x00007ff92c32b000 	C:\Windows\system32\WS2_32.dll
0x00007ff929300000 - 0x00007ff929323000 	C:\Windows\SYSTEM32\WINMM.dll
0x00007ff9292a0000 - 0x00007ff9292cc000 	C:\Windows\SYSTEM32\WINMMBASE.dll
0x00007ff92bc40000 - 0x00007ff92bc83000 	C:\Windows\system32\cfgmgr32.dll
0x00007ff92b0f0000 - 0x00007ff92b0ff000 	C:\Windows\system32\kernel.appcore.dll
0x00007ff91da80000 - 0x00007ff91da8a000 	C:\Program Files\Java\jdk-17\bin\jimage.dll
0x00007ff916510000 - 0x00007ff91669c000 	C:\Windows\SYSTEM32\DBGHELP.DLL
0x00007ff9163e0000 - 0x00007ff916405000 	C:\Windows\SYSTEM32\dbgcore.DLL
0x00007ff90d520000 - 0x00007ff90d545000 	C:\Program Files\Java\jdk-17\bin\java.dll
0x00007ff8ef5a0000 - 0x00007ff8ef677000 	C:\Program Files\Java\jdk-17\bin\jsvml.dll
0x00007ff92d3a0000 - 0x00007ff92e8fc000 	C:\Windows\system32\SHELL32.dll
0x00007ff92b500000 - 0x00007ff92bb45000 	C:\Windows\system32\windows.storage.dll
0x00007ff92e960000 - 0x00007ff92e9b2000 	C:\Windows\system32\shlwapi.dll
0x00007ff92b440000 - 0x00007ff92b4f5000 	C:\Windows\system32\shcore.dll
0x00007ff92b0a0000 - 0x00007ff92b0eb000 	C:\Windows\system32\powrprof.dll
0x00007ff92b080000 - 0x00007ff92b094000 	C:\Windows\system32\profapi.dll
0x00007ff9147a0000 - 0x00007ff9147b9000 	C:\Program Files\Java\jdk-17\bin\net.dll
0x00007ff925460000 - 0x00007ff925528000 	C:\Windows\SYSTEM32\WINHTTP.dll
0x00007ff92a950000 - 0x00007ff92a9ac000 	C:\Windows\system32\mswsock.dll
0x00007ff90f5b0000 - 0x00007ff90f5c6000 	C:\Program Files\Java\jdk-17\bin\nio.dll
0x00007ff90e940000 - 0x00007ff90e958000 	C:\Program Files\Java\jdk-17\bin\zip.dll
0x00007ff91be50000 - 0x00007ff91be5a000 	C:\Program Files\Java\jdk-17\bin\management.dll
0x00007ff91bde0000 - 0x00007ff91bdeb000 	C:\Program Files\Java\jdk-17\bin\management_ext.dll
0x00007ff91ec00000 - 0x00007ff91ec16000 	C:\Windows\system32\napinsp.dll
0x00007ff91eba0000 - 0x00007ff91ebba000 	C:\Windows\system32\pnrpnsp.dll
0x00007ff9290b0000 - 0x00007ff9290c8000 	C:\Windows\system32\NLAapi.dll
0x00007ff929a00000 - 0x00007ff929aaa000 	C:\Windows\SYSTEM32\DNSAPI.dll
0x00007ff92c0c0000 - 0x00007ff92c0c8000 	C:\Windows\system32\NSI.dll
0x00007ff91eb60000 - 0x00007ff91eb6d000 	C:\Windows\System32\winrnr.dll
0x00007ff91e9f0000 - 0x00007ff91ea05000 	C:\Windows\System32\wshbth.dll
0x00007ff91f770000 - 0x00007ff91f77a000 	C:\Windows\System32\rasadhlp.dll
0x00007ff927fc0000 - 0x00007ff927ff8000 	C:\Windows\SYSTEM32\IPHLPAPI.DLL
0x00007ff920670000 - 0x00007ff9206d7000 	C:\Windows\System32\fwpuclnt.dll
0x00007ff92afb0000 - 0x00007ff92afd9000 	C:\Windows\SYSTEM32\bcrypt.dll
0x00007ff92aa00000 - 0x00007ff92aa17000 	C:\Windows\SYSTEM32\CRYPTSP.dll
0x00007ff92a690000 - 0x00007ff92a6c4000 	C:\Windows\system32\rsaenh.dll
0x00007ff92a7e0000 - 0x00007ff92a7ff000 	C:\Windows\SYSTEM32\USERENV.dll
0x00007ff92ab20000 - 0x00007ff92ab2b000 	C:\Windows\SYSTEM32\CRYPTBASE.dll
0x00007ff9263a0000 - 0x00007ff9263b6000 	C:\Windows\SYSTEM32\dhcpcsvc6.DLL
0x00007ff926410000 - 0x00007ff92642a000 	C:\Windows\SYSTEM32\dhcpcsvc.DLL
0x00007ff9255a0000 - 0x00007ff9255ae000 	C:\Program Files\Java\jdk-17\bin\sunmscapi.dll
0x00007ff92bc90000 - 0x00007ff92be57000 	C:\Windows\system32\CRYPT32.dll
0x00007ff92b100000 - 0x00007ff92b110000 	C:\Windows\system32\MSASN1.dll
0x00007ff92abf0000 - 0x00007ff92ac17000 	C:\Windows\SYSTEM32\ncrypt.dll
0x00007ff92abb0000 - 0x00007ff92abea000 	C:\Windows\SYSTEM32\NTASN1.dll

dbghelp: loaded successfully - version: 4.0.5 - missing functions: none
symbol engine: initialized successfully - sym options: 0x614 - pdb path: .;C:\Program Files\Java\jdk-17\bin;C:\Windows\SYSTEM32;C:\Windows\WinSxS\amd64_microsoft.windows.common-controls_6595b64144ccf1df_6.0.10586.0_none_8c15ae12515e1c22;C:\Program Files\Java\jdk-17\bin\server

VM Arguments:
jvm_args: -Dcom.sun.management.jmxremote -Dcom.sun.management.jmxremote.port=54568 -Dcom.sun.management.jmxremote.authenticate=false -Dcom.sun.management.jmxremote.ssl=false -Dspring.jmx.enabled=true -Djava.rmi.server.hostname=localhost -Dspring.application.admin.enabled=true -Dspring.boot.project.name=oxefood-api-caio -XX:+ShowCodeDetailsInExceptionMessages 
java_command: br.com.ifpe.oxefood.OxefoodApiMatheusApplication
java_class_path (initial): C:\Users\Matheus\Desktop\oxefood-api-matheus\target\classes;C:\Users\Matheus\.m2\repository\org\springframework\boot\spring-boot-starter-data-jpa\3.2.2\spring-boot-starter-data-jpa-3.2.2.jar;C:\Users\Matheus\.m2\repository\org\springframework\boot\spring-boot-starter-aop\3.2.2\spring-boot-starter-aop-3.2.2.jar;C:\Users\Matheus\.m2\repository\org\springframework\spring-aop\6.1.3\spring-aop-6.1.3.jar;C:\Users\Matheus\.m2\repository\org\aspectj\aspectjweaver\1.9.21\aspectjweaver-1.9.21.jar;C:\Users\Matheus\.m2\repository\org\springframework\boot\spring-boot-starter-jdbc\3.2.2\spring-boot-starter-jdbc-3.2.2.jar;C:\Users\Matheus\.m2\repository\com\zaxxer\HikariCP\5.0.1\HikariCP-5.0.1.jar;C:\Users\Matheus\.m2\repository\org\springframework\spring-jdbc\6.1.3\spring-jdbc-6.1.3.jar;C:\Users\Matheus\.m2\repository\org\hibernate\orm\hibernate-core\6.4.1.Final\hibernate-core-6.4.1.Final.jar;C:\Users\Matheus\.m2\repository\jakarta\persistence\jakarta.persistence-api\3.1.0\jakarta.persistence-api-3.1.0.jar;C:\Users\Matheus\.m2\repository\jakarta\transaction\jakarta.transaction-api\2.0.1\jakarta.transaction-api-2.0.1.jar;C:\Users\Matheus\.m2\repository\org\jboss\logging\jboss-logging\3.5.3.Final\jboss-logging-3.5.3.Final.jar;C:\Users\Matheus\.m2\repository\org\hibernate\common\hibernate-commons-annotations\6.0.6.Final\hibernate-commons-annotations-6.0.6.Final.jar;C:\Users\Matheus\.m2\repository\io\smallrye\jandex\3.1.2\jandex-3.1.2.jar;C:\Users\Matheus\.m2\repository\com\fasterxml\classmate\1.6.0\classmate-1.6.0.jar;C:\Users\Matheus\.m2\repository\net\bytebuddy\byte-buddy\1.14.11\byte-buddy-1.14.11.jar;C:\Users\Matheus\.m2\repository\org\glassfish\jaxb\jaxb-runtime\4.0.4\jaxb-runtime-4.0.4.jar;C:\Users\Matheus\.m2\repository\org\glassfish\jaxb\jaxb-core\4.0.4\jaxb-core-4.0.4.jar;C:\Users\Matheus\.m2\repository\org\eclipse\angus\angus-activation\2.0.1\angus-activation-2.0.1.jar;C:\Users\Matheus\.m2\repository\org\glassfish\jaxb\txw2\4.0.4\txw2-4.0.4.jar
Launcher Type: SUN_STANDARD

[Global flags]
     intx CICompilerCount                          = 3                                         {product} {ergonomic}
     uint ConcGCThreads                            = 1                                         {product} {ergonomic}
     uint G1ConcRefinementThreads                  = 4                                         {product} {ergonomic}
   size_t G1HeapRegionSize                         = 1048576                                   {product} {ergonomic}
    uintx GCDrainStackTargetSize                   = 64                                        {product} {ergonomic}
   size_t InitialHeapSize                          = 31457280                                  {product} {ergonomic}
     bool ManagementServer                         = true                                      {product} {command line}
   size_t MarkStackSize                            = 4194304                                   {product} {ergonomic}
   size_t MaxHeapSize                              = 497025024                                 {product} {ergonomic}
   size_t MaxNewSize                               = 297795584                                 {product} {ergonomic}
   size_t MinHeapDeltaBytes                        = 1048576                                   {product} {ergonomic}
   size_t MinHeapSize                              = 8388608                                   {product} {ergonomic}
    uintx NonNMethodCodeHeapSize                   = 5832780                                {pd product} {ergonomic}
    uintx NonProfiledCodeHeapSize                  = 122912730                              {pd product} {ergonomic}
    uintx ProfiledCodeHeapSize                     = 122912730                              {pd product} {ergonomic}
    uintx ReservedCodeCacheSize                    = 251658240                              {pd product} {ergonomic}
     bool SegmentedCodeCache                       = true                                      {product} {ergonomic}
     bool ShowCodeDetailsInExceptionMessages       = true                                   {manageable} {command line}
   size_t SoftMaxHeapSize                          = 497025024                              {manageable} {ergonomic}
     bool UseCompressedClassPointers               = true                           {product lp64_product} {ergonomic}
     bool UseCompressedOops                        = true                           {product lp64_product} {ergonomic}
     bool UseG1GC                                  = true                                      {product} {ergonomic}
     bool UseLargePagesIndividualAllocation        = false                                  {pd product} {ergonomic}

Logging:
Log output configuration:
 #0: stdout all=warning uptime,level,tags
 #1: stderr all=off uptime,level,tags

Environment Variables:
JAVA_HOME=C:\Program Files\Java\jdk-17
CLASSPATH=.
PATH=C:\Users\Matheus\bin;C:\Program Files\Git\mingw64\bin;C:\Program Files\Git\usr\local\bin;C:\Program Files\Git\usr\bin;C:\Program Files\Git\usr\bin;C:\Program Files\Git\mingw64\bin;C:\Program Files\Git\usr\bin;C:\Users\Matheus\bin;C:\Program Files\Common Files\Oracle\Java\javapath;C:\Windows\system32;C:\Windows;C:\Windows\System32\Wbem;C:\Windows\System32\WindowsPowerShell\v1.0;C:\Program Files\Git\cmd;C:\Program Files\nodejs;C:\Program Files\Java\jdk-17\bin;C:\Users\Matheus\AppData\Local\Programs\Microsoft VS Code\bin;C:\Users\Matheus\AppData\Roaming\npm;C:\Program Files\Git\usr\bin\vendor_perl;C:\Program Files\Git\usr\bin\core_perl
USERNAME=Matheus
SHELL=C:\Program Files\Git\usr\bin\bash.exe
DISPLAY=needs-to-be-defined
LANG=en_US.UTF-8
OS=Windows_NT
PROCESSOR_IDENTIFIER=Intel64 Family 6 Model 76 Stepping 3, GenuineIntel



---------------  S Y S T E M  ---------------

OS:
 Windows 10 , 64 bit Build 10586 (10.0.10586.0)
OS uptime: 0 days 9:47 hours

CPU: total 4 (initial active 4) (4 cores per cpu, 1 threads per core) family 6 model 76 stepping 3 microcode 0x363, cx8, cmov, fxsr, mmx, 3dnowpref, sse, sse2, sse3, ssse3, sse4.1, sse4.2, popcnt, tsc, tscinvbit, aes, erms, clmul, clflush

Memory: 4k page, system-wide physical 1892M (423M free)
TotalPageFile size 3940M (AvailPageFile size 1M)
current process WorkingSet (physical memory assigned to process): 140M, peak: 154M
current process commit charge ("private bytes"): 172M, peak: 187M

vm_info: Java HotSpot(TM) 64-Bit Server VM (17.0.10+11-LTS-240) for windows-amd64 JRE (17.0.10+11-LTS-240), built on Dec 19 2023 21:47:25 by "mach5one" with MS VC++ 17.1 (VS2022)

END.
